Analysis & Synthesis report for PORT_LAB3
Sat May 23 04:06:26 2020
Quartus II 64-Bit Version 13.0.1 Build 232 06/12/2013 Service Pack 1 SJ Web Edition


---------------------
; Table of Contents ;
---------------------
  1. Legal Notice
  2. Analysis & Synthesis Summary
  3. Analysis & Synthesis Settings
  4. Parallel Compilation
  5. Analysis & Synthesis Source Files Read
  6. Analysis & Synthesis Resource Usage Summary
  7. Analysis & Synthesis Resource Utilization by Entity
  8. Registers Removed During Synthesis
  9. General Register Statistics
 10. Multiplexer Restructuring Statistics (Restructuring Performed)
 11. Elapsed Time Per Partition
 12. Analysis & Synthesis Messages



----------------
; Legal Notice ;
----------------
Copyright (C) 1991-2013 Altera Corporation
Your use of Altera Corporation's design tools, logic functions 
and other software and tools, and its AMPP partner logic 
functions, and any output files from any of the foregoing 
(including device programming or simulation files), and any 
associated documentation or information are expressly subject 
to the terms and conditions of the Altera Program License 
Subscription Agreement, Altera MegaCore Function License 
Agreement, or other applicable license agreement, including, 
without limitation, that your use is for the sole purpose of 
programming logic devices manufactured by Altera and sold by 
Altera or its authorized distributors.  Please refer to the 
applicable agreement for further details.



+--------------------------------------------------------------------------------------+
; Analysis & Synthesis Summary                                                         ;
+------------------------------------+-------------------------------------------------+
; Analysis & Synthesis Status        ; Successful - Sat May 23 04:06:26 2020           ;
; Quartus II 64-Bit Version          ; 13.0.1 Build 232 06/12/2013 SP 1 SJ Web Edition ;
; Revision Name                      ; PORT_LAB3                                       ;
; Top-level Entity Name              ; PORT_LAB4                                       ;
; Family                             ; Cyclone III                                     ;
; Total logic elements               ; 84                                              ;
;     Total combinational functions  ; 79                                              ;
;     Dedicated logic registers      ; 27                                              ;
; Total registers                    ; 27                                              ;
; Total pins                         ; 44                                              ;
; Total virtual pins                 ; 0                                               ;
; Total memory bits                  ; 0                                               ;
; Embedded Multiplier 9-bit elements ; 0                                               ;
; Total PLLs                         ; 0                                               ;
+------------------------------------+-------------------------------------------------+


+----------------------------------------------------------------------------------------------------------------------+
; Analysis & Synthesis Settings                                                                                        ;
+----------------------------------------------------------------------------+--------------------+--------------------+
; Option                                                                     ; Setting            ; Default Value      ;
+----------------------------------------------------------------------------+--------------------+--------------------+
; Device                                                                     ; EP3C16F484C6       ;                    ;
; Top-level entity name                                                      ; PORT_LAB4          ; PORT_LAB3          ;
; Family name                                                                ; Cyclone III        ; Cyclone IV GX      ;
; Use smart compilation                                                      ; Off                ; Off                ;
; Enable parallel Assembler and TimeQuest Timing Analyzer during compilation ; On                 ; On                 ;
; Enable compact report table                                                ; Off                ; Off                ;
; Restructure Multiplexers                                                   ; Auto               ; Auto               ;
; Create Debugging Nodes for IP Cores                                        ; Off                ; Off                ;
; Preserve fewer node names                                                  ; On                 ; On                 ;
; Disable OpenCore Plus hardware evaluation                                  ; Off                ; Off                ;
; Verilog Version                                                            ; Verilog_2001       ; Verilog_2001       ;
; VHDL Version                                                               ; VHDL_1993          ; VHDL_1993          ;
; State Machine Processing                                                   ; Auto               ; Auto               ;
; Safe State Machine                                                         ; Off                ; Off                ;
; Extract Verilog State Machines                                             ; On                 ; On                 ;
; Extract VHDL State Machines                                                ; On                 ; On                 ;
; Ignore Verilog initial constructs                                          ; Off                ; Off                ;
; Iteration limit for constant Verilog loops                                 ; 5000               ; 5000               ;
; Iteration limit for non-constant Verilog loops                             ; 250                ; 250                ;
; Add Pass-Through Logic to Inferred RAMs                                    ; On                 ; On                 ;
; Infer RAMs from Raw Logic                                                  ; On                 ; On                 ;
; Parallel Synthesis                                                         ; On                 ; On                 ;
; DSP Block Balancing                                                        ; Auto               ; Auto               ;
; NOT Gate Push-Back                                                         ; On                 ; On                 ;
; Power-Up Don't Care                                                        ; On                 ; On                 ;
; Remove Redundant Logic Cells                                               ; Off                ; Off                ;
; Remove Duplicate Registers                                                 ; On                 ; On                 ;
; Ignore CARRY Buffers                                                       ; Off                ; Off                ;
; Ignore CASCADE Buffers                                                     ; Off                ; Off                ;
; Ignore GLOBAL Buffers                                                      ; Off                ; Off                ;
; Ignore ROW GLOBAL Buffers                                                  ; Off                ; Off                ;
; Ignore LCELL Buffers                                                       ; Off                ; Off                ;
; Ignore SOFT Buffers                                                        ; On                 ; On                 ;
; Limit AHDL Integers to 32 Bits                                             ; Off                ; Off                ;
; Optimization Technique                                                     ; Balanced           ; Balanced           ;
; Carry Chain Length                                                         ; 70                 ; 70                 ;
; Auto Carry Chains                                                          ; On                 ; On                 ;
; Auto Open-Drain Pins                                                       ; On                 ; On                 ;
; Perform WYSIWYG Primitive Resynthesis                                      ; Off                ; Off                ;
; Auto ROM Replacement                                                       ; On                 ; On                 ;
; Auto RAM Replacement                                                       ; On                 ; On                 ;
; Auto DSP Block Replacement                                                 ; On                 ; On                 ;
; Auto Shift Register Replacement                                            ; Auto               ; Auto               ;
; Allow Shift Register Merging across Hierarchies                            ; Auto               ; Auto               ;
; Auto Clock Enable Replacement                                              ; On                 ; On                 ;
; Strict RAM Replacement                                                     ; Off                ; Off                ;
; Allow Synchronous Control Signals                                          ; On                 ; On                 ;
; Force Use of Synchronous Clear Signals                                     ; Off                ; Off                ;
; Auto RAM Block Balancing                                                   ; On                 ; On                 ;
; Auto RAM to Logic Cell Conversion                                          ; Off                ; Off                ;
; Auto Resource Sharing                                                      ; Off                ; Off                ;
; Allow Any RAM Size For Recognition                                         ; Off                ; Off                ;
; Allow Any ROM Size For Recognition                                         ; Off                ; Off                ;
; Allow Any Shift Register Size For Recognition                              ; Off                ; Off                ;
; Use LogicLock Constraints during Resource Balancing                        ; On                 ; On                 ;
; Ignore translate_off and synthesis_off directives                          ; Off                ; Off                ;
; Timing-Driven Synthesis                                                    ; On                 ; On                 ;
; Report Parameter Settings                                                  ; On                 ; On                 ;
; Report Source Assignments                                                  ; On                 ; On                 ;
; Report Connectivity Checks                                                 ; On                 ; On                 ;
; Ignore Maximum Fan-Out Assignments                                         ; Off                ; Off                ;
; Synchronization Register Chain Length                                      ; 2                  ; 2                  ;
; PowerPlay Power Optimization                                               ; Normal compilation ; Normal compilation ;
; HDL message level                                                          ; Level2             ; Level2             ;
; Suppress Register Optimization Related Messages                            ; Off                ; Off                ;
; Number of Removed Registers Reported in Synthesis Report                   ; 5000               ; 5000               ;
; Number of Swept Nodes Reported in Synthesis Report                         ; 5000               ; 5000               ;
; Number of Inverted Registers Reported in Synthesis Report                  ; 100                ; 100                ;
; Clock MUX Protection                                                       ; On                 ; On                 ;
; Auto Gated Clock Conversion                                                ; Off                ; Off                ;
; Block Design Naming                                                        ; Auto               ; Auto               ;
; SDC constraint protection                                                  ; Off                ; Off                ;
; Synthesis Effort                                                           ; Auto               ; Auto               ;
; Shift Register Replacement - Allow Asynchronous Clear Signal               ; On                 ; On                 ;
; Pre-Mapping Resynthesis Optimization                                       ; Off                ; Off                ;
; Analysis & Synthesis Message Level                                         ; Medium             ; Medium             ;
; Disable Register Merging Across Hierarchies                                ; Auto               ; Auto               ;
; Resource Aware Inference For Block RAM                                     ; On                 ; On                 ;
; Synthesis Seed                                                             ; 1                  ; 1                  ;
+----------------------------------------------------------------------------+--------------------+--------------------+


+------------------------------------------+
; Parallel Compilation                     ;
+----------------------------+-------------+
; Processors                 ; Number      ;
+----------------------------+-------------+
; Number detected on machine ; 4           ;
; Maximum allowed            ; 2           ;
;                            ;             ;
; Average used               ; 1.00        ;
; Maximum used               ; 1           ;
;                            ;             ;
; Usage by Processor         ; % Time Used ;
;     Processor 1            ; 100.0%      ;
;     Processors 2-4         ;   0.0%      ;
+----------------------------+-------------+


+----------------------------------------------------------------------------------------------------------------------------------------------------------------------------------+
; Analysis & Synthesis Source Files Read                                                                                                                                           ;
+-------------------------------------+-----------------+------------------------------------+---------------------------------------------------------------------------+---------+
; File Name with User-Entered Path    ; Used in Netlist ; File Type                          ; File Name with Absolute Path                                              ; Library ;
+-------------------------------------+-----------------+------------------------------------+---------------------------------------------------------------------------+---------+
; Moduli/Binary2BCD.vhd               ; yes             ; User VHDL File                     ; /home/perapisar/Projects/ETF/PORT/dz4/Moduli/Binary2BCD.vhd               ;         ;
; Moduli/CD4_2.vhd                    ; yes             ; User VHDL File                     ; /home/perapisar/Projects/ETF/PORT/dz4/Moduli/CD4_2.vhd                    ;         ;
; Moduli/MX2_1.vhd                    ; yes             ; User VHDL File                     ; /home/perapisar/Projects/ETF/PORT/dz4/Moduli/MX2_1.vhd                    ;         ;
; Moduli/MX4_1.vhd                    ; yes             ; User VHDL File                     ; /home/perapisar/Projects/ETF/PORT/dz4/Moduli/MX4_1.vhd                    ;         ;
; Moduli/RandomGenerator.vhd          ; yes             ; User VHDL File                     ; /home/perapisar/Projects/ETF/PORT/dz4/Moduli/RandomGenerator.vhd          ;         ;
; Moduli/RisingEdge.vhd               ; yes             ; User VHDL File                     ; /home/perapisar/Projects/ETF/PORT/dz4/Moduli/RisingEdge.vhd               ;         ;
; Moduli/SevenSegmentInterfaceDEC.vhd ; yes             ; User VHDL File                     ; /home/perapisar/Projects/ETF/PORT/dz4/Moduli/SevenSegmentInterfaceDEC.vhd ;         ;
; Moduli/Number.bdf                   ; yes             ; User Block Diagram/Schematic File  ; /home/perapisar/Projects/ETF/PORT/dz4/Moduli/Number.bdf                   ;         ;
; Moduli/Streak.bdf                   ; yes             ; User Block Diagram/Schematic File  ; /home/perapisar/Projects/ETF/PORT/dz4/Moduli/Streak.bdf                   ;         ;
; Moduli/ADD8.vhd                     ; yes             ; User VHDL File                     ; /home/perapisar/Projects/ETF/PORT/dz4/Moduli/ADD8.vhd                     ;         ;
; Moduli/CMP5.vhd                     ; yes             ; User VHDL File                     ; /home/perapisar/Projects/ETF/PORT/dz4/Moduli/CMP5.vhd                     ;         ;
; Moduli/Chips.bdf                    ; yes             ; User Block Diagram/Schematic File  ; /home/perapisar/Projects/ETF/PORT/dz4/Moduli/Chips.bdf                    ;         ;
; Moduli/REG8.vhd                     ; yes             ; User VHDL File                     ; /home/perapisar/Projects/ETF/PORT/dz4/Moduli/REG8.vhd                     ;         ;
; Moduli/REG5.vhd                     ; yes             ; User VHDL File                     ; /home/perapisar/Projects/ETF/PORT/dz4/Moduli/REG5.vhd                     ;         ;
; Moduli/REG3.vhd                     ; yes             ; User VHDL File                     ; /home/perapisar/Projects/ETF/PORT/dz4/Moduli/REG3.vhd                     ;         ;
; PORT_LAB4.bdf                       ; yes             ; User Block Diagram/Schematic File  ; /home/perapisar/Projects/ETF/PORT/dz4/PORT_LAB4.bdf                       ;         ;
+-------------------------------------+-----------------+------------------------------------+---------------------------------------------------------------------------+---------+


+---------------------------------------------------------+
; Analysis & Synthesis Resource Usage Summary             ;
+---------------------------------------------+-----------+
; Resource                                    ; Usage     ;
+---------------------------------------------+-----------+
; Estimated Total logic elements              ; 84        ;
;                                             ;           ;
; Total combinational functions               ; 79        ;
; Logic element usage by number of LUT inputs ;           ;
;     -- 4 input functions                    ; 51        ;
;     -- 3 input functions                    ; 18        ;
;     -- <=2 input functions                  ; 10        ;
;                                             ;           ;
; Logic elements by mode                      ;           ;
;     -- normal mode                          ; 75        ;
;     -- arithmetic mode                      ; 4         ;
;                                             ;           ;
; Total registers                             ; 27        ;
;     -- Dedicated logic registers            ; 27        ;
;     -- I/O registers                        ; 0         ;
;                                             ;           ;
; I/O pins                                    ; 44        ;
; Embedded Multiplier 9-bit elements          ; 0         ;
; Maximum fan-out node                        ; CLK~input ;
; Maximum fan-out                             ; 27        ;
; Total fan-out                               ; 434       ;
; Average fan-out                             ; 2.24      ;
+---------------------------------------------+-----------+


+--------------------------------------------------------------------------------------------------------------------------------------------------------------------------------------------------------------+
; Analysis & Synthesis Resource Utilization by Entity                                                                                                                                                          ;
+--------------------------------------+-------------------+--------------+-------------+--------------+---------+-----------+------+--------------+--------------------------------------------+--------------+
; Compilation Hierarchy Node           ; LC Combinationals ; LC Registers ; Memory Bits ; DSP Elements ; DSP 9x9 ; DSP 18x18 ; Pins ; Virtual Pins ; Full Hierarchy Name                        ; Library Name ;
+--------------------------------------+-------------------+--------------+-------------+--------------+---------+-----------+------+--------------+--------------------------------------------+--------------+
; |PORT_LAB4                           ; 79 (2)            ; 27 (1)       ; 0           ; 0            ; 0       ; 0         ; 44   ; 0            ; |PORT_LAB4                                 ; work         ;
;    |Binary2BCD:inst15|               ; 16 (16)           ; 0 (0)        ; 0           ; 0            ; 0       ; 0         ; 0    ; 0            ; |PORT_LAB4|Binary2BCD:inst15               ; work         ;
;    |CD4_2:inst20|                    ; 1 (1)             ; 0 (0)        ; 0           ; 0            ; 0       ; 0         ; 0    ; 0            ; |PORT_LAB4|CD4_2:inst20                    ; work         ;
;    |Chips:inst13|                    ; 1 (0)             ; 6 (0)        ; 0           ; 0            ; 0       ; 0         ; 0    ; 0            ; |PORT_LAB4|Chips:inst13                    ; work         ;
;       |REG8:inst2|                   ; 1 (1)             ; 6 (6)        ; 0           ; 0            ; 0       ; 0         ; 0    ; 0            ; |PORT_LAB4|Chips:inst13|REG8:inst2         ; work         ;
;    |MX2_1:inst26|                    ; 4 (4)             ; 0 (0)        ; 0           ; 0            ; 0       ; 0         ; 0    ; 0            ; |PORT_LAB4|MX2_1:inst26                    ; work         ;
;    |MX2_1:inst27|                    ; 8 (8)             ; 0 (0)        ; 0           ; 0            ; 0       ; 0         ; 0    ; 0            ; |PORT_LAB4|MX2_1:inst27                    ; work         ;
;    |Number:inst9|                    ; 8 (1)             ; 5 (0)        ; 0           ; 0            ; 0       ; 0         ; 0    ; 0            ; |PORT_LAB4|Number:inst9                    ; work         ;
;       |REG5:inst6|                   ; 7 (7)             ; 5 (5)        ; 0           ; 0            ; 0       ; 0         ; 0    ; 0            ; |PORT_LAB4|Number:inst9|REG5:inst6         ; work         ;
;    |RandomGenerator:inst2|           ; 5 (5)             ; 3 (3)        ; 0           ; 0            ; 0       ; 0         ; 0    ; 0            ; |PORT_LAB4|RandomGenerator:inst2           ; work         ;
;    |RandomGenerator:inst3|           ; 6 (6)             ; 3 (3)        ; 0           ; 0            ; 0       ; 0         ; 0    ; 0            ; |PORT_LAB4|RandomGenerator:inst3           ; work         ;
;    |RisingEdge:inst16|               ; 0 (0)             ; 2 (2)        ; 0           ; 0            ; 0       ; 0         ; 0    ; 0            ; |PORT_LAB4|RisingEdge:inst16               ; work         ;
;    |RisingEdge:inst18|               ; 0 (0)             ; 2 (2)        ; 0           ; 0            ; 0       ; 0         ; 0    ; 0            ; |PORT_LAB4|RisingEdge:inst18               ; work         ;
;    |RisingEdge:inst1|                ; 2 (2)             ; 2 (2)        ; 0           ; 0            ; 0       ; 0         ; 0    ; 0            ; |PORT_LAB4|RisingEdge:inst1                ; work         ;
;    |SevenSegmentInterfaceDEC:inst10| ; 5 (5)             ; 0 (0)        ; 0           ; 0            ; 0       ; 0         ; 0    ; 0            ; |PORT_LAB4|SevenSegmentInterfaceDEC:inst10 ; work         ;
;    |SevenSegmentInterfaceDEC:inst11| ; 10 (10)           ; 0 (0)        ; 0           ; 0            ; 0       ; 0         ; 0    ; 0            ; |PORT_LAB4|SevenSegmentInterfaceDEC:inst11 ; work         ;
;    |SevenSegmentInterfaceDEC:inst12| ; 5 (5)             ; 0 (0)        ; 0           ; 0            ; 0       ; 0         ; 0    ; 0            ; |PORT_LAB4|SevenSegmentInterfaceDEC:inst12 ; work         ;
;    |Streak:inst14|                   ; 6 (0)             ; 3 (0)        ; 0           ; 0            ; 0       ; 0         ; 0    ; 0            ; |PORT_LAB4|Streak:inst14                   ; work         ;
;       |REG3:inst5|                   ; 6 (6)             ; 3 (3)        ; 0           ; 0            ; 0       ; 0         ; 0    ; 0            ; |PORT_LAB4|Streak:inst14|REG3:inst5        ; work         ;
+--------------------------------------+-------------------+--------------+-------------+--------------+---------+-----------+------+--------------+--------------------------------------------+--------------+
Note: For table entries with two numbers listed, the numbers in parentheses indicate the number of resources of the given type used by the specific entity alone. The numbers listed outside of parentheses indicate the total resources of the given type used by the specific entity and all of its sub-entities in the hierarchy.


+--------------------------------------------------------------------------------+
; Registers Removed During Synthesis                                             ;
+---------------------------------------+----------------------------------------+
; Register name                         ; Reason for Removal                     ;
+---------------------------------------+----------------------------------------+
; Chips:inst13|REG8:inst2|v[0,4]        ; Stuck at GND due to stuck port data_in ;
; Total Number of Removed Registers = 2 ;                                        ;
+---------------------------------------+----------------------------------------+


+------------------------------------------------------+
; General Register Statistics                          ;
+----------------------------------------------+-------+
; Statistic                                    ; Value ;
+----------------------------------------------+-------+
; Total registers                              ; 27    ;
; Number of registers using Synchronous Clear  ; 12    ;
; Number of registers using Synchronous Load   ; 0     ;
; Number of registers using Asynchronous Clear ; 0     ;
; Number of registers using Asynchronous Load  ; 0     ;
; Number of registers using Clock Enable       ; 19    ;
; Number of registers using Preset             ; 0     ;
+----------------------------------------------+-------+


+--------------------------------------------------------------------------------------------------------------------------------------------------------+
; Multiplexer Restructuring Statistics (Restructuring Performed)                                                                                         ;
+--------------------+-----------+---------------+----------------------+------------------------+------------+------------------------------------------+
; Multiplexer Inputs ; Bus Width ; Baseline Area ; Area if Restructured ; Saving if Restructured ; Registered ; Example Multiplexer Output               ;
+--------------------+-----------+---------------+----------------------+------------------------+------------+------------------------------------------+
; 3:1                ; 2 bits    ; 4 LEs         ; 2 LEs                ; 2 LEs                  ; Yes        ; |PORT_LAB4|Streak:inst14|REG3:inst5|v[1] ;
; 3:1                ; 4 bits    ; 8 LEs         ; 4 LEs                ; 4 LEs                  ; Yes        ; |PORT_LAB4|Chips:inst13|REG8:inst2|v[6]  ;
; 4:1                ; 5 bits    ; 10 LEs        ; 5 LEs                ; 5 LEs                  ; Yes        ; |PORT_LAB4|Number:inst9|REG5:inst6|v[0]  ;
; 10:1               ; 3 bits    ; 18 LEs        ; 18 LEs               ; 0 LEs                  ; Yes        ; |PORT_LAB4|RandomGenerator:inst2|v[2]    ;
; 10:1               ; 3 bits    ; 18 LEs        ; 18 LEs               ; 0 LEs                  ; Yes        ; |PORT_LAB4|RandomGenerator:inst3|v[1]    ;
+--------------------+-----------+---------------+----------------------+------------------------+------------+------------------------------------------+


+-------------------------------+
; Elapsed Time Per Partition    ;
+----------------+--------------+
; Partition Name ; Elapsed Time ;
+----------------+--------------+
; Top            ; 00:00:01     ;
+----------------+--------------+


+-------------------------------+
; Analysis & Synthesis Messages ;
+-------------------------------+
Info: *******************************************************************
Info: Running Quartus II 64-Bit Analysis & Synthesis
    Info: Version 13.0.1 Build 232 06/12/2013 Service Pack 1 SJ Web Edition
    Info: Processing started: Sat May 23 04:06:22 2020
Info: Command: quartus_map --read_settings_files=on --write_settings_files=off PORT_LAB4 -c PORT_LAB3
Info (11104): Parallel Compilation has detected 4 hyper-threaded processors. However, the extra hyper-threaded processors will not be used by default. Parallel Compilation will use 2 of the 2 physical processors detected instead.
Info (12021): Found 2 design units, including 1 entities, in source file Moduli/Binary2BCD.vhd
    Info (12022): Found design unit 1: Binary2BCD-Behavioral
    Info (12023): Found entity 1: Binary2BCD
Info (12021): Found 2 design units, including 1 entities, in source file Moduli/CD4_2.vhd
    Info (12022): Found design unit 1: CD4_2-rtl
    Info (12023): Found entity 1: CD4_2
Info (12021): Found 2 design units, including 1 entities, in source file Moduli/DC2_4.vhd
    Info (12022): Found design unit 1: DC2_4-rtl
    Info (12023): Found entity 1: DC2_4
Info (12021): Found 2 design units, including 1 entities, in source file Moduli/MX2_1.vhd
    Info (12022): Found design unit 1: MX2_1-rtl
    Info (12023): Found entity 1: MX2_1
Info (12021): Found 2 design units, including 1 entities, in source file Moduli/MX4_1.vhd
    Info (12022): Found design unit 1: MX4_1-rtl
    Info (12023): Found entity 1: MX4_1
Info (12021): Found 2 design units, including 1 entities, in source file Moduli/RandomGenerator.vhd
    Info (12022): Found design unit 1: RandomGenerator-rtl
    Info (12023): Found entity 1: RandomGenerator
Info (12021): Found 2 design units, including 1 entities, in source file Moduli/RisingEdge.vhd
    Info (12022): Found design unit 1: RisingEdge-rtl
    Info (12023): Found entity 1: RisingEdge
Info (12021): Found 2 design units, including 1 entities, in source file Moduli/SevenSegmentInterfaceDEC.vhd
    Info (12022): Found design unit 1: SevenSegmentInterfaceDEC-rtl
    Info (12023): Found entity 1: SevenSegmentInterfaceDEC
Info (12021): Found 1 design units, including 1 entities, in source file Moduli/Number.bdf
    Info (12023): Found entity 1: Number
Info (12021): Found 1 design units, including 1 entities, in source file Moduli/Streak.bdf
    Info (12023): Found entity 1: Streak
Info (12021): Found 2 design units, including 1 entities, in source file Moduli/ADD8.vhd
    Info (12022): Found design unit 1: ADD8-rtl
    Info (12023): Found entity 1: ADD8
Info (12021): Found 2 design units, including 1 entities, in source file Moduli/CMP5.vhd
    Info (12022): Found design unit 1: CMP5-rtl
    Info (12023): Found entity 1: CMP5
Info (12021): Found 1 design units, including 1 entities, in source file Moduli/Chips.bdf
    Info (12023): Found entity 1: Chips
Info (12021): Found 2 design units, including 1 entities, in source file Moduli/REG8.vhd
    Info (12022): Found design unit 1: REG8-rtl
    Info (12023): Found entity 1: REG8
Info (12021): Found 2 design units, including 1 entities, in source file Moduli/REG5.vhd
    Info (12022): Found design unit 1: REG5-rtl
    Info (12023): Found entity 1: REG5
Info (12021): Found 2 design units, including 1 entities, in source file Moduli/REG3.vhd
    Info (12022): Found design unit 1: REG3-rtl
    Info (12023): Found entity 1: REG3
Info (12021): Found 1 design units, including 1 entities, in source file PORT_LAB4.bdf
    Info (12023): Found entity 1: PORT_LAB4
Info (12127): Elaborating entity "PORT_LAB4" for the top level hierarchy
Info (12128): Elaborating entity "SevenSegmentInterfaceDEC" for hierarchy "SevenSegmentInterfaceDEC:inst11"
Info (12128): Elaborating entity "Binary2BCD" for hierarchy "Binary2BCD:inst15"
Info (12128): Elaborating entity "Chips" for hierarchy "Chips:inst13"
Info (12128): Elaborating entity "REG8" for hierarchy "Chips:inst13|REG8:inst2"
Info (12128): Elaborating entity "ADD8" for hierarchy "Chips:inst13|ADD8:inst1"
Info (12128): Elaborating entity "RisingEdge" for hierarchy "RisingEdge:inst1"
Info (12128): Elaborating entity "MX2_1" for hierarchy "MX2_1:inst26"
Info (12128): Elaborating entity "RandomGenerator" for hierarchy "RandomGenerator:inst3"
Info (12128): Elaborating entity "MX4_1" for hierarchy "MX4_1:inst22"
Info (12128): Elaborating entity "CD4_2" for hierarchy "CD4_2:inst20"
Info (12128): Elaborating entity "CMP5" for hierarchy "CMP5:inst19"
Info (12128): Elaborating entity "Number" for hierarchy "Number:inst9"
Info (12128): Elaborating entity "REG5" for hierarchy "Number:inst9|REG5:inst6"
Info (12128): Elaborating entity "Streak" for hierarchy "Streak:inst14"
Info (12128): Elaborating entity "REG3" for hierarchy "Streak:inst14|REG3:inst5"
Warning (13024): Output pins are stuck at VCC or GND
    Warning (13410): Pin "HEX1_DP" is stuck at VCC
    Warning (13410): Pin "HEX0_DP" is stuck at VCC
    Warning (13410): Pin "HEX2_1" is stuck at GND
    Warning (13410): Pin "HEX2_DP" is stuck at VCC
Info (286030): Timing-Driven Synthesis is running
Info (16010): Generating hard_block partition "hard_block:auto_generated_inst"
    Info (16011): Adding 0 node(s), including 0 DDIO, 0 PLL, 0 transceiver and 0 LCELL
Info (21057): Implemented 129 device resources after synthesis - the final resource count might be different
    Info (21058): Implemented 12 input pins
    Info (21059): Implemented 32 output pins
    Info (21061): Implemented 85 logic cells
Info: Quartus II 64-Bit Analysis & Synthesis was successful. 0 errors, 5 warnings
    Info: Peak virtual memory: 636 megabytes
    Info: Processing ended: Sat May 23 04:06:26 2020
    Info: Elapsed time: 00:00:04
    Info: Total CPU time (on all processors): 00:00:04


